8351979712 2026-05-15 09:47:07,252 webull.core.http.initializer.client_initializer INFO _check_region_token_enable result is True, enable regionIds is ['hk'].
8351979712 2026-05-15 09:47:07,253 webull.core.http.initializer.token.token_storage INFO storage_token uses the default configuration, conf.
8351979712 2026-05-15 09:47:07,253 webull.core.http.initializer.token.token_storage INFO storage_token initialized path:/Users/mac/Developer/Notion Journal/conf/token.txt.
8351979712 2026-05-15 09:47:07,253 webull.core.http.initializer.token.token_manager INFO load_token_from_local file not exists, file:/Users/mac/Developer/Notion Journal/conf/token.txt.
8351979712 2026-05-15 09:47:07,968 webull.core.http.initializer.token.token_manager INFO fetch_token_from_server create_token result. token:a724be******6a86ee expires:1778809987701 status:PENDING
8351979712 2026-05-15 09:47:07,969 webull.core.http.initializer.token.token_manager INFO fetch_token_from_server started check_token loop. token:a724be******6a86ee duration_seconds:300 interval_seconds:5
8351979712 2026-05-15 09:47:08,265 webull.core.http.initializer.token.token_manager INFO fetch_token_from_server result of current check_token loop. token:a724be******6a86ee expires:1778809987701 status:PENDING
8351979712 2026-05-15 09:47:08,265 webull.core.http.initializer.token.token_manager INFO fetch_token_from_server status not verified, check_token loop will start, waiting 5 seconds... (elapsed 0s / 300s). For more details, please visit the OpenAPI official website.
8351979712 2026-05-15 09:47:13,354 webull.core.http.initializer.token.token_manager INFO fetch_token_from_server result of current check_token loop. token:a724be******6a86ee expires:1778809987701 status:PENDING
8351979712 2026-05-15 09:47:13,354 webull.core.http.initializer.token.token_manager INFO fetch_token_from_server status not verified, check_token loop will start, waiting 5 seconds... (elapsed 5s / 300s). For more details, please visit the OpenAPI official website.
8351979712 2026-05-15 09:47:18,440 webull.core.http.initializer.token.token_manager INFO fetch_token_from_server result of current check_token loop. token:a724be******6a86ee expires:1778809987701 status:PENDING
8351979712 2026-05-15 09:47:18,440 webull.core.http.initializer.token.token_manager INFO fetch_token_from_server status not verified, check_token loop will start, waiting 5 seconds... (elapsed 10s / 300s). For more details, please visit the OpenAPI official website.
8351979712 2026-05-15 09:47:23,375 webull.core.http.initializer.token.token_manager INFO fetch_token_from_server result of current check_token loop. token:a724be******6a86ee expires:1778809987701 status:PENDING
8351979712 2026-05-15 09:47:23,375 webull.core.http.initializer.token.token_manager INFO fetch_token_from_server status not verified, check_token loop will start, waiting 5 seconds... (elapsed 15s / 300s). For more details, please visit the OpenAPI official website.
8351979712 2026-05-15 09:47:28,328 webull.core.http.initializer.token.token_manager INFO fetch_token_from_server result of current check_token loop. token:a724be******6a86ee expires:1778809987701 status:PENDING
8351979712 2026-05-15 09:47:28,328 webull.core.http.initializer.token.token_manager INFO fetch_token_from_server status not verified, check_token loop will start, waiting 5 seconds... (elapsed 20s / 300s). For more details, please visit the OpenAPI official website.
8351979712 2026-05-15 09:47:33,295 webull.core.http.initializer.token.token_manager INFO fetch_token_from_server result of current check_token loop. token:a724be******6a86ee expires:1778809987701 status:PENDING
8351979712 2026-05-15 09:47:33,295 webull.core.http.initializer.token.token_manager INFO fetch_token_from_server status not verified, check_token loop will start, waiting 5 seconds... (elapsed 25s / 300s). For more details, please visit the OpenAPI official website.
8351979712 2026-05-15 09:47:38,309 webull.core.http.initializer.token.token_manager INFO fetch_token_from_server result of current check_token loop. token:a724be******6a86ee expires:1778809987701 status:PENDING
8351979712 2026-05-15 09:47:38,309 webull.core.http.initializer.token.token_manager INFO fetch_token_from_server status not verified, check_token loop will start, waiting 5 seconds... (elapsed 30s / 300s). For more details, please visit the OpenAPI official website.
8351979712 2026-05-15 09:47:43,366 webull.core.http.initializer.token.token_manager INFO fetch_token_from_server result of current check_token loop. token:a724be******6a86ee expires:1778809987701 status:PENDING
8351979712 2026-05-15 09:47:43,366 webull.core.http.initializer.token.token_manager INFO fetch_token_from_server status not verified, check_token loop will start, waiting 5 seconds... (elapsed 35s / 300s). For more details, please visit the OpenAPI official website.
8351979712 2026-05-15 09:47:48,322 webull.core.http.initializer.token.token_manager INFO fetch_token_from_server result of current check_token loop. token:a724be******6a86ee expires:1778809987701 status:PENDING
8351979712 2026-05-15 09:47:48,323 webull.core.http.initializer.token.token_manager INFO fetch_token_from_server status not verified, check_token loop will start, waiting 5 seconds... (elapsed 40s / 300s). For more details, please visit the OpenAPI official website.
8351979712 2026-05-15 09:47:53,304 webull.core.http.initializer.token.token_manager INFO fetch_token_from_server result of current check_token loop. token:a724be******6a86ee expires:1778809987701 status:PENDING
8351979712 2026-05-15 09:47:53,304 webull.core.http.initializer.token.token_manager INFO fetch_token_from_server status not verified, check_token loop will start, waiting 5 seconds... (elapsed 45s / 300s). For more details, please visit the OpenAPI official website.
8351979712 2026-05-15 09:47:58,304 webull.core.http.initializer.token.token_manager INFO fetch_token_from_server result of current check_token loop. token:a724be******6a86ee expires:1778809987701 status:PENDING
8351979712 2026-05-15 09:47:58,304 webull.core.http.initializer.token.token_manager INFO fetch_token_from_server status not verified, check_token loop will start, waiting 5 seconds... (elapsed 50s / 300s). For more details, please visit the OpenAPI official website.
8351979712 2026-05-15 09:48:03,307 webull.core.http.initializer.token.token_manager INFO fetch_token_from_server result of current check_token loop. token:a724be******6a86ee expires:1778809987701 status:PENDING
8351979712 2026-05-15 09:48:03,308 webull.core.http.initializer.token.token_manager INFO fetch_token_from_server status not verified, check_token loop will start, waiting 5 seconds... (elapsed 55s / 300s). For more details, please visit the OpenAPI official website.
8351979712 2026-05-15 09:48:08,462 webull.core.http.initializer.token.token_manager INFO fetch_token_from_server result of current check_token loop. token:a724be******6a86ee expires:1778809987701 status:PENDING
8351979712 2026-05-15 09:48:08,462 webull.core.http.initializer.token.token_manager INFO fetch_token_from_server status not verified, check_token loop will start, waiting 5 seconds... (elapsed 60s / 300s). For more details, please visit the OpenAPI official website.
8351979712 2026-05-15 09:48:13,412 webull.core.http.initializer.token.token_manager INFO fetch_token_from_server result of current check_token loop. token:a724be******6a86ee expires:1778809987701 status:PENDING
8351979712 2026-05-15 09:48:13,412 webull.core.http.initializer.token.token_manager INFO fetch_token_from_server status not verified, check_token loop will start, waiting 5 seconds... (elapsed 65s / 300s). For more details, please visit the OpenAPI official website.
8351979712 2026-05-15 09:48:18,404 webull.core.http.initializer.token.token_manager INFO fetch_token_from_server result of current check_token loop. token:a724be******6a86ee expires:1778809987701 status:PENDING
8351979712 2026-05-15 09:48:18,404 webull.core.http.initializer.token.token_manager INFO fetch_token_from_server status not verified, check_token loop will start, waiting 5 seconds... (elapsed 70s / 300s). For more details, please visit the OpenAPI official website.
8351979712 2026-05-15 09:48:23,260 webull.core.http.initializer.token.token_manager INFO fetch_token_from_server result of current check_token loop. token:a724be******6a86ee expires:1778809987701 status:PENDING
8351979712 2026-05-15 09:48:23,261 webull.core.http.initializer.token.token_manager INFO fetch_token_from_server status not verified, check_token loop will start, waiting 5 seconds... (elapsed 75s / 300s). For more details, please visit the OpenAPI official website.
8351979712 2026-05-15 09:48:28,309 webull.core.http.initializer.token.token_manager INFO fetch_token_from_server result of current check_token loop. token:a724be******6a86ee expires:1778809987701 status:PENDING
8351979712 2026-05-15 09:48:28,309 webull.core.http.initializer.token.token_manager INFO fetch_token_from_server status not verified, check_token loop will start, waiting 5 seconds... (elapsed 80s / 300s). For more details, please visit the OpenAPI official website.
8351979712 2026-05-15 09:48:33,335 webull.core.http.initializer.token.token_manager INFO fetch_token_from_server result of current check_token loop. token:a724be******6a86ee expires:1778809987701 status:PENDING
8351979712 2026-05-15 09:48:33,335 webull.core.http.initializer.token.token_manager INFO fetch_token_from_server status not verified, check_token loop will start, waiting 5 seconds... (elapsed 85s / 300s). For more details, please visit the OpenAPI official website.
8351979712 2026-05-15 09:48:38,360 webull.core.http.initializer.token.token_manager INFO fetch_token_from_server result of current check_token loop. token:a724be******6a86ee expires:1778809987701 status:PENDING
8351979712 2026-05-15 09:48:38,360 webull.core.http.initializer.token.token_manager INFO fetch_token_from_server status not verified, check_token loop will start, waiting 5 seconds... (elapsed 90s / 300s). For more details, please visit the OpenAPI official website.
8351979712 2026-05-15 09:48:43,346 webull.core.http.initializer.token.token_manager INFO fetch_token_from_server result of current check_token loop. token:a724be******6a86ee expires:1778809987701 status:PENDING
8351979712 2026-05-15 09:48:43,346 webull.core.http.initializer.token.token_manager INFO fetch_token_from_server status not verified, check_token loop will start, waiting 5 seconds... (elapsed 95s / 300s). For more details, please visit the OpenAPI official website.
8351979712 2026-05-15 09:48:44,370 webull.core.http.initializer.client_initializer INFO _check_region_token_enable result is True, enable regionIds is ['hk'].
8351979712 2026-05-15 09:48:44,370 webull.core.http.initializer.token.token_storage INFO storage_token uses the default configuration, conf.
8351979712 2026-05-15 09:48:44,371 webull.core.http.initializer.token.token_storage INFO storage_token initialized path:/Users/mac/Developer/Notion Journal/conf/token.txt.
8351979712 2026-05-15 09:48:44,371 webull.core.http.initializer.token.token_manager INFO load_token_from_local file not exists, file:/Users/mac/Developer/Notion Journal/conf/token.txt.
8351979712 2026-05-15 09:48:44,724 webull.core.client ERROR ServerException occurred. Host:api.webull.hk SDK-Version:2.0.7 Request:{
  "_version": "v2",
  "_action_name": "/openapi/auth/token/create",
  "_protocol_type": "https",
  "_accept_format": "JSON",
  "_params": {},
  "_method": "POST",
  "_header": {
    "x-version": "v2",
    "Accept-Encoding": "gzip",
    "x-app-key": "d2546b8207db797ada3f016e52395bc8",
    "x-timestamp": "2026-05-15T01:48:44Z",
    "x-signature-version": "1.0",
    "x-signature-algorithm": "HMAC-SHA1",
    "x-signature-nonce": "a1fdfb88-fbe5-52f7-91f2-b444402f0870",
    "x-signature": "QjGp6u3OSYUAKBD+bfqJJ1+S8jc=",
    "User-Agent": "WebullApiSDK (Darwin 25.4.0;arm64) Python/3.13.13 Core/2.0.7 python-requests/2.34.2",
    "x-webull-client-source": "sdk",
    "Content-Length": "2",
    "Content-Type": "application/json"
  },
  "_body_params": {},
  "_uri_pattern": null,
  "_uri_params": null,
  "_content": "{}",
  "_extra_user_agent": {},
  "string_to_sign": "",
  "_request_connect_timeout": null,
  "_request_read_timeout": null,
  "endpoint": "api.webull.hk",
  "_signer_spec": "<module 'webull.core.auth.algorithm.sha_hmac1' from '/private/tmp/webullenv/lib/python3.13/site-packages/webull/core/auth/algorithm/sha_hmac1.py'>"
} Response:{'error_code': 'MANY_TOO_TOKEN', 'message': 'Total number of tokens: more than 10', 'status': 417} ServerException:HTTP Status: 417, Code: MANY_TOO_TOKEN, Msg: Total number of tokens: more than 10, RequestID: 78702930-2df3-487e-a48c-eef4b7f665c5
8351979712 2026-05-15 09:48:44,724 webull.core.client ERROR get_response exception. {
  "error_code": "MANY_TOO_TOKEN",
  "error_msg": "Total number of tokens: more than 10",
  "http_status": 417,
  "request_id": "78702930-2df3-487e-a48c-eef4b7f665c5"
}
8351979712 2026-05-15 09:48:48,303 webull.core.http.initializer.token.token_manager INFO fetch_token_from_server result of current check_token loop. token:a724be******6a86ee expires:1778809987701 status:PENDING
8351979712 2026-05-15 09:48:48,303 webull.core.http.initializer.token.token_manager INFO fetch_token_from_server status not verified, check_token loop will start, waiting 5 seconds... (elapsed 100s / 300s). For more details, please visit the OpenAPI official website.
8351979712 2026-05-15 09:48:53,423 webull.core.http.initializer.token.token_manager INFO fetch_token_from_server result of current check_token loop. token:a724be******6a86ee expires:1778809987701 status:PENDING
8351979712 2026-05-15 09:48:53,423 webull.core.http.initializer.token.token_manager INFO fetch_token_from_server status not verified, check_token loop will start, waiting 5 seconds... (elapsed 105s / 300s). For more details, please visit the OpenAPI official website.
8351979712 2026-05-15 09:48:58,526 webull.core.http.initializer.token.token_manager INFO fetch_token_from_server result of current check_token loop. token:a724be******6a86ee expires:1778809987701 status:PENDING
8351979712 2026-05-15 09:48:58,526 webull.core.http.initializer.token.token_manager INFO fetch_token_from_server status not verified, check_token loop will start, waiting 5 seconds... (elapsed 110s / 300s). For more details, please visit the OpenAPI official website.
8351979712 2026-05-15 09:49:03,328 webull.core.http.initializer.token.token_manager INFO fetch_token_from_server result of current check_token loop. token:a724be******6a86ee expires:1778809987701 status:PENDING
8351979712 2026-05-15 09:49:03,328 webull.core.http.initializer.token.token_manager INFO fetch_token_from_server status not verified, check_token loop will start, waiting 5 seconds... (elapsed 115s / 300s). For more details, please visit the OpenAPI official website.
8351979712 2026-05-15 09:49:08,394 webull.core.http.initializer.token.token_manager INFO fetch_token_from_server result of current check_token loop. token:a724be******6a86ee expires:1778809987701 status:PENDING
8351979712 2026-05-15 09:49:08,394 webull.core.http.initializer.token.token_manager INFO fetch_token_from_server status not verified, check_token loop will start, waiting 5 seconds... (elapsed 120s / 300s). For more details, please visit the OpenAPI official website.
8351979712 2026-05-15 09:49:13,417 webull.core.http.initializer.token.token_manager INFO fetch_token_from_server result of current check_token loop. token:a724be******6a86ee expires:1778809987701 status:PENDING
8351979712 2026-05-15 09:49:13,418 webull.core.http.initializer.token.token_manager INFO fetch_token_from_server status not verified, check_token loop will start, waiting 5 seconds... (elapsed 125s / 300s). For more details, please visit the OpenAPI official website.
8351979712 2026-05-15 09:49:18,478 webull.core.http.initializer.token.token_manager INFO fetch_token_from_server result of current check_token loop. token:a724be******6a86ee expires:1778809987701 status:PENDING
8351979712 2026-05-15 09:49:18,478 webull.core.http.initializer.token.token_manager INFO fetch_token_from_server status not verified, check_token loop will start, waiting 5 seconds... (elapsed 130s / 300s). For more details, please visit the OpenAPI official website.
8351979712 2026-05-15 09:49:23,359 webull.core.http.initializer.token.token_manager INFO fetch_token_from_server result of current check_token loop. token:a724be******6a86ee expires:1778809987701 status:PENDING
8351979712 2026-05-15 09:49:23,359 webull.core.http.initializer.token.token_manager INFO fetch_token_from_server status not verified, check_token loop will start, waiting 5 seconds... (elapsed 135s / 300s). For more details, please visit the OpenAPI official website.
8351979712 2026-05-15 09:49:28,398 webull.core.http.initializer.token.token_manager INFO fetch_token_from_server result of current check_token loop. token:a724be******6a86ee expires:1778809987701 status:PENDING
8351979712 2026-05-15 09:49:28,398 webull.core.http.initializer.token.token_manager INFO fetch_token_from_server status not verified, check_token loop will start, waiting 5 seconds... (elapsed 140s / 300s). For more details, please visit the OpenAPI official website.
8351979712 2026-05-15 09:49:33,472 webull.core.http.initializer.token.token_manager INFO fetch_token_from_server result of current check_token loop. token:a724be******6a86ee expires:1778809987701 status:PENDING
8351979712 2026-05-15 09:49:33,472 webull.core.http.initializer.token.token_manager INFO fetch_token_from_server status not verified, check_token loop will start, waiting 5 seconds... (elapsed 145s / 300s). For more details, please visit the OpenAPI official website.
8351979712 2026-05-15 09:49:38,426 webull.core.http.initializer.token.token_manager INFO fetch_token_from_server result of current check_token loop. token:a724be******6a86ee expires:1778809987701 status:PENDING
8351979712 2026-05-15 09:49:38,426 webull.core.http.initializer.token.token_manager INFO fetch_token_from_server status not verified, check_token loop will start, waiting 5 seconds... (elapsed 150s / 300s). For more details, please visit the OpenAPI official website.
8351979712 2026-05-15 09:49:43,527 webull.core.http.initializer.token.token_manager INFO fetch_token_from_server result of current check_token loop. token:a724be******6a86ee expires:1778809987701 status:PENDING
8351979712 2026-05-15 09:49:43,527 webull.core.http.initializer.token.token_manager INFO fetch_token_from_server status not verified, check_token loop will start, waiting 5 seconds... (elapsed 155s / 300s). For more details, please visit the OpenAPI official website.
8351979712 2026-05-15 09:49:48,472 webull.core.http.initializer.token.token_manager INFO fetch_token_from_server result of current check_token loop. token:a724be******6a86ee expires:1778809987701 status:PENDING
8351979712 2026-05-15 09:49:48,472 webull.core.http.initializer.token.token_manager INFO fetch_token_from_server status not verified, check_token loop will start, waiting 5 seconds... (elapsed 160s / 300s). For more details, please visit the OpenAPI official website.
8351979712 2026-05-15 09:49:53,457 webull.core.http.initializer.token.token_manager INFO fetch_token_from_server result of current check_token loop. token:a724be******6a86ee expires:1778809987701 status:PENDING
8351979712 2026-05-15 09:49:53,458 webull.core.http.initializer.token.token_manager INFO fetch_token_from_server status not verified, check_token loop will start, waiting 5 seconds... (elapsed 165s / 300s). For more details, please visit the OpenAPI official website.
8351979712 2026-05-15 09:49:58,460 webull.core.http.initializer.token.token_manager INFO fetch_token_from_server result of current check_token loop. token:a724be******6a86ee expires:1778809987701 status:PENDING
8351979712 2026-05-15 09:49:58,461 webull.core.http.initializer.token.token_manager INFO fetch_token_from_server status not verified, check_token loop will start, waiting 5 seconds... (elapsed 170s / 300s). For more details, please visit the OpenAPI official website.
8351979712 2026-05-15 09:50:03,489 webull.core.http.initializer.token.token_manager INFO fetch_token_from_server result of current check_token loop. token:a724be******6a86ee expires:1778809987701 status:PENDING
8351979712 2026-05-15 09:50:03,489 webull.core.http.initializer.token.token_manager INFO fetch_token_from_server status not verified, check_token loop will start, waiting 5 seconds... (elapsed 175s / 300s). For more details, please visit the OpenAPI official website.
8351979712 2026-05-15 09:50:08,498 webull.core.http.initializer.token.token_manager INFO fetch_token_from_server result of current check_token loop. token:a724be******6a86ee expires:1778809987701 status:PENDING
8351979712 2026-05-15 09:50:08,499 webull.core.http.initializer.token.token_manager INFO fetch_token_from_server status not verified, check_token loop will start, waiting 5 seconds... (elapsed 180s / 300s). For more details, please visit the OpenAPI official website.
8351979712 2026-05-15 09:50:13,430 webull.core.http.initializer.token.token_manager INFO fetch_token_from_server result of current check_token loop. token:a724be******6a86ee expires:1778809987701 status:PENDING
8351979712 2026-05-15 09:50:13,431 webull.core.http.initializer.token.token_manager INFO fetch_token_from_server status not verified, check_token loop will start, waiting 5 seconds... (elapsed 185s / 300s). For more details, please visit the OpenAPI official website.
8351979712 2026-05-15 09:50:18,528 webull.core.http.initializer.token.token_manager INFO fetch_token_from_server result of current check_token loop. token:a724be******6a86ee expires:1778809987701 status:PENDING
8351979712 2026-05-15 09:50:18,528 webull.core.http.initializer.token.token_manager INFO fetch_token_from_server status not verified, check_token loop will start, waiting 5 seconds... (elapsed 190s / 300s). For more details, please visit the OpenAPI official website.
8351979712 2026-05-15 09:50:23,408 webull.core.http.initializer.token.token_manager INFO fetch_token_from_server result of current check_token loop. token:a724be******6a86ee expires:1778809987701 status:PENDING
8351979712 2026-05-15 09:50:23,409 webull.core.http.initializer.token.token_manager INFO fetch_token_from_server status not verified, check_token loop will start, waiting 5 seconds... (elapsed 195s / 300s). For more details, please visit the OpenAPI official website.
8351979712 2026-05-15 09:50:28,578 webull.core.http.initializer.token.token_manager INFO fetch_token_from_server result of current check_token loop. token:a724be******6a86ee expires:1778809987701 status:PENDING
8351979712 2026-05-15 09:50:28,579 webull.core.http.initializer.token.token_manager INFO fetch_token_from_server status not verified, check_token loop will start, waiting 5 seconds... (elapsed 200s / 300s). For more details, please visit the OpenAPI official website.
8351979712 2026-05-15 09:50:33,411 webull.core.http.initializer.token.token_manager INFO fetch_token_from_server result of current check_token loop. token:a724be******6a86ee expires:1778809987701 status:PENDING
8351979712 2026-05-15 09:50:33,412 webull.core.http.initializer.token.token_manager INFO fetch_token_from_server status not verified, check_token loop will start, waiting 5 seconds... (elapsed 205s / 300s). For more details, please visit the OpenAPI official website.
8351979712 2026-05-15 09:50:38,543 webull.core.http.initializer.token.token_manager INFO fetch_token_from_server result of current check_token loop. token:a724be******6a86ee expires:1778809987701 status:PENDING
8351979712 2026-05-15 09:50:38,544 webull.core.http.initializer.token.token_manager INFO fetch_token_from_server status not verified, check_token loop will start, waiting 5 seconds... (elapsed 210s / 300s). For more details, please visit the OpenAPI official website.
8351979712 2026-05-15 09:50:43,532 webull.core.http.initializer.token.token_manager INFO fetch_token_from_server result of current check_token loop. token:a724be******6a86ee expires:1778809987701 status:PENDING
8351979712 2026-05-15 09:50:43,533 webull.core.http.initializer.token.token_manager INFO fetch_token_from_server status not verified, check_token loop will start, waiting 5 seconds... (elapsed 215s / 300s). For more details, please visit the OpenAPI official website.
8351979712 2026-05-15 09:50:48,447 webull.core.http.initializer.token.token_manager INFO fetch_token_from_server result of current check_token loop. token:a724be******6a86ee expires:1778809987701 status:PENDING
8351979712 2026-05-15 09:50:48,448 webull.core.http.initializer.token.token_manager INFO fetch_token_from_server status not verified, check_token loop will start, waiting 5 seconds... (elapsed 220s / 300s). For more details, please visit the OpenAPI official website.
8351979712 2026-05-15 09:50:53,401 webull.core.http.initializer.token.token_manager INFO fetch_token_from_server result of current check_token loop. token:a724be******6a86ee expires:1778809987701 status:PENDING
8351979712 2026-05-15 09:50:53,401 webull.core.http.initializer.token.token_manager INFO fetch_token_from_server status not verified, check_token loop will start, waiting 5 seconds... (elapsed 225s / 300s). For more details, please visit the OpenAPI official website.
8351979712 2026-05-15 09:50:58,505 webull.core.http.initializer.token.token_manager INFO fetch_token_from_server result of current check_token loop. token:a724be******6a86ee expires:1778809987701 status:PENDING
8351979712 2026-05-15 09:50:58,505 webull.core.http.initializer.token.token_manager INFO fetch_token_from_server status not verified, check_token loop will start, waiting 5 seconds... (elapsed 230s / 300s). For more details, please visit the OpenAPI official website.
8351979712 2026-05-15 09:51:03,570 webull.core.http.initializer.token.token_manager INFO fetch_token_from_server result of current check_token loop. token:a724be******6a86ee expires:1778809987701 status:PENDING
8351979712 2026-05-15 09:51:03,570 webull.core.http.initializer.token.token_manager INFO fetch_token_from_server status not verified, check_token loop will start, waiting 5 seconds... (elapsed 235s / 300s). For more details, please visit the OpenAPI official website.
8351979712 2026-05-15 09:51:08,523 webull.core.http.initializer.token.token_manager INFO fetch_token_from_server result of current check_token loop. token:a724be******6a86ee expires:1778809987701 status:PENDING
8351979712 2026-05-15 09:51:08,524 webull.core.http.initializer.token.token_manager INFO fetch_token_from_server status not verified, check_token loop will start, waiting 5 seconds... (elapsed 240s / 300s). For more details, please visit the OpenAPI official website.
8351979712 2026-05-15 09:51:13,450 webull.core.http.initializer.token.token_manager INFO fetch_token_from_server result of current check_token loop. token:a724be******6a86ee expires:1778809987701 status:PENDING
8351979712 2026-05-15 09:51:13,451 webull.core.http.initializer.token.token_manager INFO fetch_token_from_server status not verified, check_token loop will start, waiting 5 seconds... (elapsed 245s / 300s). For more details, please visit the OpenAPI official website.
8351979712 2026-05-15 09:51:18,436 webull.core.http.initializer.token.token_manager INFO fetch_token_from_server result of current check_token loop. token:a724be******6a86ee expires:1778809987701 status:PENDING
8351979712 2026-05-15 09:51:18,437 webull.core.http.initializer.token.token_manager INFO fetch_token_from_server status not verified, check_token loop will start, waiting 5 seconds... (elapsed 250s / 300s). For more details, please visit the OpenAPI official website.
8351979712 2026-05-15 09:51:23,453 webull.core.http.initializer.token.token_manager INFO fetch_token_from_server result of current check_token loop. token:a724be******6a86ee expires:1778809987701 status:PENDING
8351979712 2026-05-15 09:51:23,453 webull.core.http.initializer.token.token_manager INFO fetch_token_from_server status not verified, check_token loop will start, waiting 5 seconds... (elapsed 255s / 300s). For more details, please visit the OpenAPI official website.
8351979712 2026-05-15 09:51:28,511 webull.core.http.initializer.token.token_manager INFO fetch_token_from_server result of current check_token loop. token:a724be******6a86ee expires:1778809987701 status:PENDING
8351979712 2026-05-15 09:51:28,512 webull.core.http.initializer.token.token_manager INFO fetch_token_from_server status not verified, check_token loop will start, waiting 5 seconds... (elapsed 260s / 300s). For more details, please visit the OpenAPI official website.
8351979712 2026-05-15 09:51:33,570 webull.core.http.initializer.token.token_manager INFO fetch_token_from_server result of current check_token loop. token:a724be******6a86ee expires:1778809987701 status:PENDING
8351979712 2026-05-15 09:51:33,570 webull.core.http.initializer.token.token_manager INFO fetch_token_from_server status not verified, check_token loop will start, waiting 5 seconds... (elapsed 265s / 300s). For more details, please visit the OpenAPI official website.
8351979712 2026-05-15 09:51:38,521 webull.core.http.initializer.token.token_manager INFO fetch_token_from_server result of current check_token loop. token:a724be******6a86ee expires:1778809987701 status:PENDING
8351979712 2026-05-15 09:51:38,521 webull.core.http.initializer.token.token_manager INFO fetch_token_from_server status not verified, check_token loop will start, waiting 5 seconds... (elapsed 270s / 300s). For more details, please visit the OpenAPI official website.
8351979712 2026-05-15 09:51:43,534 webull.core.http.initializer.token.token_manager INFO fetch_token_from_server result of current check_token loop. token:a724be******6a86ee expires:1778809987701 status:PENDING
8351979712 2026-05-15 09:51:43,535 webull.core.http.initializer.token.token_manager INFO fetch_token_from_server status not verified, check_token loop will start, waiting 5 seconds... (elapsed 275s / 300s). For more details, please visit the OpenAPI official website.
8351979712 2026-05-15 09:51:48,566 webull.core.http.initializer.token.token_manager INFO fetch_token_from_server result of current check_token loop. token:a724be******6a86ee expires:1778809987701 status:PENDING
8351979712 2026-05-15 09:51:48,566 webull.core.http.initializer.token.token_manager INFO fetch_token_from_server status not verified, check_token loop will start, waiting 5 seconds... (elapsed 280s / 300s). For more details, please visit the OpenAPI official website.
8351979712 2026-05-15 09:51:53,534 webull.core.http.initializer.token.token_manager INFO fetch_token_from_server result of current check_token loop. token:a724be******6a86ee expires:1778809987701 status:PENDING
8351979712 2026-05-15 09:51:53,535 webull.core.http.initializer.token.token_manager INFO fetch_token_from_server status not verified, check_token loop will start, waiting 5 seconds... (elapsed 285s / 300s). For more details, please visit the OpenAPI official website.
8351979712 2026-05-15 09:51:58,673 webull.core.http.initializer.token.token_manager INFO fetch_token_from_server result of current check_token loop. token:a724be******6a86ee expires:1778809987701 status:PENDING
8351979712 2026-05-15 09:51:58,673 webull.core.http.initializer.token.token_manager INFO fetch_token_from_server status not verified, check_token loop will start, waiting 5 seconds... (elapsed 290s / 300s). For more details, please visit the OpenAPI official website.
8351979712 2026-05-15 09:52:03,514 webull.core.http.initializer.token.token_manager INFO fetch_token_from_server result of current check_token loop. token:a724be******6a86ee expires:1778809987701 status:PENDING
8351979712 2026-05-15 09:52:03,514 webull.core.http.initializer.token.token_manager INFO fetch_token_from_server status not verified, check_token loop will start, waiting 5 seconds... (elapsed 295s / 300s). For more details, please visit the OpenAPI official website.
8351979712 2026-05-15 09:52:08,507 webull.core.http.initializer.token.token_manager INFO fetch_token_from_server result of current check_token loop. token:a724be******6a86ee expires:1778809987701 status:EXPIRED
8351979712 2026-05-15 09:52:08,507 webull.core.http.initializer.token.token_manager ERROR fetch_token_from_server check_token status invalidate. status:EXPIRED
